2023-10-23 21:24:18,925 [INFO] Activator:177 - 


2023-10-23 21:24:18,927 [INFO] Activator:178 - !SESSION log4j initialized
2023-10-23 21:30:21,490 [INFO] Activator:177 - 


2023-10-23 21:30:21,492 [INFO] Activator:178 - !SESSION log4j initialized
2023-10-23 21:36:09,809 [INFO] Activator:177 - 


2023-10-23 21:36:09,811 [INFO] Activator:178 - !SESSION log4j initialized
2023-10-23 21:37:49,528 [INFO] McuFinderGlobals:39 - Set McuFinder mode to 2 (CubeIDE integrated)
2023-10-23 21:37:50,843 [INFO] ApplicationProperties:181 - Using Application install path: E:\vi xu ly - vi dk\ST\STM32CubeIDE_1.7.0\STM32CubeIDE\plugins\com.st.stm32cube.common.mx_6.3.0.202107141111
2023-10-23 21:37:50,922 [INFO] DbMcusXml:74 - Set database path to: E:\vi xu ly - vi dk\ST\STM32CubeIDE_1.7.0\STM32CubeIDE\plugins\com.st.stm32cube.common.mx_6.3.0.202107141111\\db\/mcu/
2023-10-23 21:37:50,928 [INFO] DbBoardsPdsc:56 - Set plugin database path to: E:\vi xu ly - vi dk\ST\STM32CubeIDE_1.7.0\STM32CubeIDE\plugins\com.st.stm32cube.common.mx_6.3.0.202107141111\\db\/plugins/boardmanager/
2023-10-23 21:37:50,928 [INFO] DbMcus:258 - Set plugin images path to: E:\vi xu ly - vi dk\ST\STM32CubeIDE_1.7.0\STM32CubeIDE\plugins\com.st.stm32cube.common.mx_6.3.0.202107141111\\db\/plugins/mcufinder/images/
2023-10-23 21:37:50,928 [INFO] DbBoards:264 - Set plugin images path to: E:\vi xu ly - vi dk\ST\STM32CubeIDE_1.7.0\STM32CubeIDE\plugins\com.st.stm32cube.common.mx_6.3.0.202107141111\\db\/plugins/mcufinder/images/
2023-10-23 21:37:50,931 [INFO] DbExamples:333 - Set plugin images path to: E:\vi xu ly - vi dk\ST\STM32CubeIDE_1.7.0\STM32CubeIDE\plugins\com.st.stm32cube.common.mx_6.3.0.202107141111\\db\/plugins/mcufinder/images/
2023-10-23 21:37:51,131 [INFO] DbMcusAds:119 - Set database path to: C:\Users\anhxa\.stmcufinder\plugins\mcufinder//mcu/
2023-10-23 21:37:51,132 [INFO] DbMcusDocs:110 - Set database path to: C:\Users\anhxa\.stmcufinder\plugins\mcufinder//mcu/
2023-10-23 21:37:51,135 [INFO] DbMcusJson:64 - Set database path to: C:\Users\anhxa\.stmcufinder\plugins\mcufinder//mcu/
2023-10-23 21:37:51,135 [INFO] DbBoardsDocs:110 - Set database path to: C:\Users\anhxa\.stmcufinder\plugins\mcufinder//mcu/
2023-10-23 21:37:51,137 [INFO] DbBoardsJson:57 - Set database path to: C:\Users\anhxa\.stmcufinder\plugins\mcufinder//mcu/
2023-10-23 21:37:51,193 [INFO] CrossReferenceDbSqlite:196 - Set database path to: C:\Users\anhxa\.stmcufinder\plugins\mcufinder//mcu/cs/
2023-10-23 21:37:51,197 [INFO] DbExamplesSqlite:767 - Set database path to: C:\Users\anhxa\.stmcufinder\plugins\mcufinder//mcu/
2023-10-23 21:37:51,413 [INFO] RulesReader:57 - Compatibility file has been processed (242 Rules)
2023-10-23 21:37:51,875 [INFO] DbMcusXml:74 - Set database path to: E:\vi xu ly - vi dk\ST\STM32CubeIDE_1.7.0\STM32CubeIDE\plugins\com.st.stm32cube.common.mx_6.3.0.202107141111\\db\/mcu/
2023-10-23 21:37:51,876 [INFO] DbBoardsPdsc:56 - Set plugin database path to: E:\vi xu ly - vi dk\ST\STM32CubeIDE_1.7.0\STM32CubeIDE\plugins\com.st.stm32cube.common.mx_6.3.0.202107141111\\db\/plugins/boardmanager/
2023-10-23 21:37:51,877 [INFO] DbMcus:258 - Set plugin images path to: E:\vi xu ly - vi dk\ST\STM32CubeIDE_1.7.0\STM32CubeIDE\plugins\com.st.stm32cube.common.mx_6.3.0.202107141111\\db\/plugins/mcufinder/images/
2023-10-23 21:37:51,877 [INFO] DbBoards:264 - Set plugin images path to: E:\vi xu ly - vi dk\ST\STM32CubeIDE_1.7.0\STM32CubeIDE\plugins\com.st.stm32cube.common.mx_6.3.0.202107141111\\db\/plugins/mcufinder/images/
2023-10-23 21:37:51,877 [INFO] DbExamples:333 - Set plugin images path to: E:\vi xu ly - vi dk\ST\STM32CubeIDE_1.7.0\STM32CubeIDE\plugins\com.st.stm32cube.common.mx_6.3.0.202107141111\\db\/plugins/mcufinder/images/
2023-10-23 21:37:51,877 [WARN] DbFile:35 - Overriding database path with different value: C:\Users\anhxa\.stmcufinder\plugins\mcufinder/ => C:\Users\anhxa\.stmcufinder\plugins\mcufinder
2023-10-23 21:37:51,877 [INFO] DbMcusAds:119 - Set database path to: C:\Users\anhxa\.stmcufinder\plugins\mcufinder//mcu/
2023-10-23 21:37:51,877 [WARN] DbFile:35 - Overriding database path with different value: C:\Users\anhxa\.stmcufinder\plugins\mcufinder/ => C:\Users\anhxa\.stmcufinder\plugins\mcufinder
2023-10-23 21:37:51,878 [INFO] DbMcusDocs:110 - Set database path to: C:\Users\anhxa\.stmcufinder\plugins\mcufinder//mcu/
2023-10-23 21:37:51,878 [WARN] DbFile:35 - Overriding database path with different value: C:\Users\anhxa\.stmcufinder\plugins\mcufinder/ => C:\Users\anhxa\.stmcufinder\plugins\mcufinder
2023-10-23 21:37:51,878 [INFO] DbMcusJson:64 - Set database path to: C:\Users\anhxa\.stmcufinder\plugins\mcufinder//mcu/
2023-10-23 21:37:51,878 [WARN] DbFile:35 - Overriding database path with different value: C:\Users\anhxa\.stmcufinder\plugins\mcufinder/ => C:\Users\anhxa\.stmcufinder\plugins\mcufinder
2023-10-23 21:37:51,879 [INFO] DbBoardsDocs:110 - Set database path to: C:\Users\anhxa\.stmcufinder\plugins\mcufinder//mcu/
2023-10-23 21:37:51,879 [WARN] DbFile:35 - Overriding database path with different value: C:\Users\anhxa\.stmcufinder\plugins\mcufinder/ => C:\Users\anhxa\.stmcufinder\plugins\mcufinder
2023-10-23 21:37:51,879 [INFO] DbBoardsJson:57 - Set database path to: C:\Users\anhxa\.stmcufinder\plugins\mcufinder//mcu/
2023-10-23 21:37:51,879 [WARN] DbFile:35 - Overriding database path with different value: C:\Users\anhxa\.stmcufinder\plugins\mcufinder/ => C:\Users\anhxa\.stmcufinder\plugins\mcufinder
2023-10-23 21:37:51,879 [WARN] DbFile:35 - Overriding database path with different value: C:\Users\anhxa\.stmcufinder\plugins\mcufinder/ => C:\Users\anhxa\.stmcufinder\plugins\mcufinder
2023-10-23 21:37:51,879 [INFO] CrossReferenceDbSqlite:196 - Set database path to: C:\Users\anhxa\.stmcufinder\plugins\mcufinder//mcu/cs/
2023-10-23 21:37:51,880 [WARN] DbFile:35 - Overriding database path with different value: C:\Users\anhxa\.stmcufinder\plugins\mcufinder/ => C:\Users\anhxa\.stmcufinder\plugins\mcufinder
2023-10-23 21:37:51,880 [INFO] DbExamplesSqlite:767 - Set database path to: C:\Users\anhxa\.stmcufinder\plugins\mcufinder//mcu/
2023-10-23 21:37:52,210 [INFO] MainPanel:214 - HeapMemory: 511705088
2023-10-23 21:37:52,443 [INFO] DbMcusXml:74 - Set database path to: E:\vi xu ly - vi dk\ST\STM32CubeIDE_1.7.0\STM32CubeIDE\plugins\com.st.stm32cube.common.mx_6.3.0.202107141111\\db\/mcu/
2023-10-23 21:37:52,444 [INFO] DbBoardsPdsc:56 - Set plugin database path to: E:\vi xu ly - vi dk\ST\STM32CubeIDE_1.7.0\STM32CubeIDE\plugins\com.st.stm32cube.common.mx_6.3.0.202107141111\\db\/plugins/boardmanager/
2023-10-23 21:37:52,444 [INFO] DbMcus:258 - Set plugin images path to: E:\vi xu ly - vi dk\ST\STM32CubeIDE_1.7.0\STM32CubeIDE\plugins\com.st.stm32cube.common.mx_6.3.0.202107141111\\db\/plugins/mcufinder/images/
2023-10-23 21:37:52,444 [INFO] DbBoards:264 - Set plugin images path to: E:\vi xu ly - vi dk\ST\STM32CubeIDE_1.7.0\STM32CubeIDE\plugins\com.st.stm32cube.common.mx_6.3.0.202107141111\\db\/plugins/mcufinder/images/
2023-10-23 21:37:52,444 [INFO] DbExamples:333 - Set plugin images path to: E:\vi xu ly - vi dk\ST\STM32CubeIDE_1.7.0\STM32CubeIDE\plugins\com.st.stm32cube.common.mx_6.3.0.202107141111\\db\/plugins/mcufinder/images/
2023-10-23 21:37:52,445 [WARN] DbFile:35 - Overriding database path with different value: C:\Users\anhxa\.stmcufinder\plugins\mcufinder/ => C:\Users\anhxa\.stmcufinder\plugins\mcufinder
2023-10-23 21:37:52,446 [INFO] DbMcusAds:119 - Set database path to: C:\Users\anhxa\.stmcufinder\plugins\mcufinder//mcu/
2023-10-23 21:37:52,446 [WARN] DbFile:35 - Overriding database path with different value: C:\Users\anhxa\.stmcufinder\plugins\mcufinder/ => C:\Users\anhxa\.stmcufinder\plugins\mcufinder
2023-10-23 21:37:52,446 [INFO] DbMcusDocs:110 - Set database path to: C:\Users\anhxa\.stmcufinder\plugins\mcufinder//mcu/
2023-10-23 21:37:52,446 [WARN] DbFile:35 - Overriding database path with different value: C:\Users\anhxa\.stmcufinder\plugins\mcufinder/ => C:\Users\anhxa\.stmcufinder\plugins\mcufinder
2023-10-23 21:37:52,446 [INFO] DbMcusJson:64 - Set database path to: C:\Users\anhxa\.stmcufinder\plugins\mcufinder//mcu/
2023-10-23 21:37:52,446 [WARN] DbFile:35 - Overriding database path with different value: C:\Users\anhxa\.stmcufinder\plugins\mcufinder/ => C:\Users\anhxa\.stmcufinder\plugins\mcufinder
2023-10-23 21:37:52,446 [INFO] DbBoardsDocs:110 - Set database path to: C:\Users\anhxa\.stmcufinder\plugins\mcufinder//mcu/
2023-10-23 21:37:52,446 [WARN] DbFile:35 - Overriding database path with different value: C:\Users\anhxa\.stmcufinder\plugins\mcufinder/ => C:\Users\anhxa\.stmcufinder\plugins\mcufinder
2023-10-23 21:37:52,446 [INFO] DbBoardsJson:57 - Set database path to: C:\Users\anhxa\.stmcufinder\plugins\mcufinder//mcu/
2023-10-23 21:37:52,447 [WARN] DbFile:35 - Overriding database path with different value: C:\Users\anhxa\.stmcufinder\plugins\mcufinder/ => C:\Users\anhxa\.stmcufinder\plugins\mcufinder
2023-10-23 21:37:52,447 [WARN] DbFile:35 - Overriding database path with different value: C:\Users\anhxa\.stmcufinder\plugins\mcufinder/ => C:\Users\anhxa\.stmcufinder\plugins\mcufinder
2023-10-23 21:37:52,447 [INFO] CrossReferenceDbSqlite:196 - Set database path to: C:\Users\anhxa\.stmcufinder\plugins\mcufinder//mcu/cs/
2023-10-23 21:37:52,447 [WARN] DbFile:35 - Overriding database path with different value: C:\Users\anhxa\.stmcufinder\plugins\mcufinder/ => C:\Users\anhxa\.stmcufinder\plugins\mcufinder
2023-10-23 21:37:52,447 [INFO] DbExamplesSqlite:767 - Set database path to: C:\Users\anhxa\.stmcufinder\plugins\mcufinder//mcu/
2023-10-23 21:37:52,511 [INFO] ApplicationProperties:181 - Using Application install path: E:\vi xu ly - vi dk\ST\STM32CubeIDE_1.7.0\STM32CubeIDE\plugins\com.st.stm32cube.common.mx_6.3.0.202107141111
2023-10-23 21:37:52,513 [INFO] PluginManage:188 - Search for loadable plugins [exclusion list=, ]
2023-10-23 21:37:52,534 [INFO] PluginManage:302 - Check plugin analytics
2023-10-23 21:37:52,802 [INFO] AnalyticsPlugin:257 - Accepted Software Licenses: 
2023-10-23 21:37:52,804 [INFO] AnalyticsPlugin:259 - Accepted CMSIS Pack Licenses: 
2023-10-23 21:37:52,804 [INFO] AnalyticsPlugin:261 - Accepted Firmware Licenses: 
2023-10-23 21:37:52,805 [INFO] PluginManage:352 - Loaded plugin analytics (category:tool,tabindex:-1)
2023-10-23 21:37:52,805 [INFO] PluginManage:302 - Check plugin clock
2023-10-23 21:37:52,846 [INFO] PluginManage:352 - Loaded plugin clock (category:base,tabindex:2)
2023-10-23 21:37:52,847 [INFO] PluginManage:302 - Check plugin ddr
2023-10-23 21:37:52,867 [INFO] PluginManage:352 - Loaded plugin ddr (category:tool,tabindex:6)
2023-10-23 21:37:52,867 [INFO] PluginManage:302 - Check plugin filemanager
2023-10-23 21:37:53,133 [INFO] PluginManage:352 - Loaded plugin filemanager (category:base,tabindex:10)
2023-10-23 21:37:53,133 [INFO] PluginManage:302 - Check plugin ipmanager
2023-10-23 21:37:53,168 [INFO] PluginManage:352 - Loaded plugin ipmanager (category:base,tabindex:5)
2023-10-23 21:37:53,168 [INFO] PluginManage:302 - Check plugin pinoutandconfiguration
2023-10-23 21:37:53,193 [INFO] PluginManage:352 - Loaded plugin pinoutandconfiguration (category:base,tabindex:1)
2023-10-23 21:37:53,193 [INFO] PluginManage:302 - Check plugin pinoutconfig
2023-10-23 21:37:53,266 [INFO] PluginManage:352 - Loaded plugin pinoutconfig (category:base,tabindex:0)
2023-10-23 21:37:53,266 [INFO] PluginManage:302 - Check plugin power
2023-10-23 21:37:53,358 [INFO] PluginManage:352 - Loaded plugin power (category:power,tabindex:4)
2023-10-23 21:37:53,358 [INFO] PluginManage:302 - Check plugin projectmanager
2023-10-23 21:37:53,391 [INFO] PluginManage:352 - Loaded plugin projectmanager (category:projectmanager,tabindex:3)
2023-10-23 21:37:53,391 [INFO] PluginManage:302 - Check plugin thirdparty
2023-10-23 21:37:53,803 [WARN] IntegrityCheckThread:78 - waiting for thirdparty lock release [integrity check]
2023-10-23 21:37:53,804 [INFO] IntegrityCheckThread:80 - entering critical section [integrity check]
2023-10-23 21:37:53,803 [INFO] PluginManage:352 - Loaded plugin thirdparty (category:base,tabindex:-1)
2023-10-23 21:37:53,804 [INFO] PluginManage:302 - Check plugin tools
2023-10-23 21:37:53,804 [INFO] ThirdPartyUpdaterWithRetryManager:66 - Updater plugin not ready yet. [1/15]
2023-10-23 21:37:53,897 [INFO] PluginManage:352 - Loaded plugin tools (category:base,tabindex:7)
2023-10-23 21:37:53,897 [INFO] PluginManage:302 - Check plugin tutovideos
2023-10-23 21:37:54,425 [INFO] PluginManage:352 - Loaded plugin tutovideos (category:base,tabindex:-1)
2023-10-23 21:37:54,425 [INFO] PluginManage:302 - Check plugin updater
2023-10-23 21:37:54,476 [INFO] PluginManage:352 - Loaded plugin updater (category:base,tabindex:12)
2023-10-23 21:37:54,477 [INFO] PluginManage:275 - PluginManage : Loaded plugins [13]
2023-10-23 21:37:55,113 [INFO] PinOutPanel:1463 - setPackage(No Configuration,No Configuration)
2023-10-23 21:37:55,428 [INFO] IPUIPlugin:74 - create IPUIPlugin
2023-10-23 21:37:55,428 [INFO] PluginManager:213 - loadIPPluginJar : add adc
2023-10-23 21:37:55,481 [INFO] IPUIPlugin:74 - create IPUIPlugin
2023-10-23 21:37:55,481 [INFO] PluginManager:213 - loadIPPluginJar : add aes
2023-10-23 21:37:55,526 [INFO] IPUIPlugin:74 - create IPUIPlugin
2023-10-23 21:37:55,526 [INFO] PluginManager:213 - loadIPPluginJar : add can
2023-10-23 21:37:55,555 [INFO] IPUIPlugin:74 - create IPUIPlugin
2023-10-23 21:37:55,555 [INFO] PluginManager:213 - loadIPPluginJar : add comp
2023-10-23 21:37:55,589 [INFO] IPUIPlugin:74 - create IPUIPlugin
2023-10-23 21:37:55,589 [INFO] PluginManager:213 - loadIPPluginJar : add cryp
2023-10-23 21:37:55,625 [INFO] IPUIPlugin:74 - create IPUIPlugin
2023-10-23 21:37:55,625 [INFO] PluginManager:213 - loadIPPluginJar : add dfsdm
2023-10-23 21:37:55,663 [INFO] IPUIPlugin:74 - create IPUIPlugin
2023-10-23 21:37:55,663 [INFO] PluginManager:213 - loadIPPluginJar : add dma
2023-10-23 21:37:55,710 [INFO] IPUIPlugin:74 - create IPUIPlugin
2023-10-23 21:37:55,711 [INFO] PluginManager:213 - loadIPPluginJar : add dma3
2023-10-23 21:37:55,738 [INFO] IPUIPlugin:74 - create IPUIPlugin
2023-10-23 21:37:55,738 [INFO] PluginManager:213 - loadIPPluginJar : add fatfs
2023-10-23 21:37:55,791 [INFO] IPUIPlugin:74 - create IPUIPlugin
2023-10-23 21:37:55,792 [INFO] PluginManager:213 - loadIPPluginJar : add fmc
2023-10-23 21:37:55,807 [INFO] IPUIPlugin:74 - create IPUIPlugin
2023-10-23 21:37:55,807 [INFO] PluginManager:213 - loadIPPluginJar : add freertos
2023-10-23 21:37:55,833 [INFO] IPUIPlugin:74 - create IPUIPlugin
2023-10-23 21:37:55,833 [INFO] PluginManager:213 - loadIPPluginJar : add genericplugin
2023-10-23 21:37:55,957 [INFO] IPUIPlugin:74 - create IPUIPlugin
2023-10-23 21:37:55,957 [INFO] PluginManager:213 - loadIPPluginJar : add gfxmmu
2023-10-23 21:37:56,233 [INFO] IPUIPlugin:74 - create IPUIPlugin
2023-10-23 21:37:56,233 [INFO] PluginManager:213 - loadIPPluginJar : add gic
2023-10-23 21:37:56,251 [INFO] IPUIPlugin:74 - create IPUIPlugin
2023-10-23 21:37:56,251 [INFO] PluginManager:213 - loadIPPluginJar : add gpio
2023-10-23 21:37:56,452 [INFO] IPUIPlugin:74 - create IPUIPlugin
2023-10-23 21:37:56,452 [INFO] PluginManager:213 - loadIPPluginJar : add gtzc
2023-10-23 21:37:56,518 [INFO] IPUIPlugin:74 - create IPUIPlugin
2023-10-23 21:37:56,518 [INFO] PluginManager:213 - loadIPPluginJar : add hash
2023-10-23 21:37:56,620 [INFO] IPUIPlugin:74 - create IPUIPlugin
2023-10-23 21:37:56,620 [INFO] PluginManager:213 - loadIPPluginJar : add i2c
2023-10-23 21:37:56,695 [INFO] IPUIPlugin:74 - create IPUIPlugin
2023-10-23 21:37:56,695 [INFO] PluginManager:213 - loadIPPluginJar : add i2s
2023-10-23 21:37:56,714 [INFO] IPUIPlugin:74 - create IPUIPlugin
2023-10-23 21:37:56,714 [INFO] PluginManager:213 - loadIPPluginJar : add ipddr
2023-10-23 21:37:56,816 [INFO] ThirdPartyUpdaterWithRetryManager:66 - Updater plugin not ready yet. [2/15]
2023-10-23 21:37:56,899 [INFO] IPUIPlugin:74 - create IPUIPlugin
2023-10-23 21:37:56,899 [INFO] PluginManager:213 - loadIPPluginJar : add linkedlist
2023-10-23 21:37:57,003 [INFO] IPUIPlugin:74 - create IPUIPlugin
2023-10-23 21:37:57,004 [INFO] PluginManager:213 - loadIPPluginJar : add lorawan
2023-10-23 21:37:57,071 [INFO] IPUIPlugin:74 - create IPUIPlugin
2023-10-23 21:37:57,071 [INFO] PluginManager:213 - loadIPPluginJar : add ltdc
2023-10-23 21:37:57,090 [INFO] IPUIPlugin:74 - create IPUIPlugin
2023-10-23 21:37:57,090 [INFO] PluginManager:213 - loadIPPluginJar : add mdma
2023-10-23 21:37:57,103 [INFO] IPUIPlugin:74 - create IPUIPlugin
2023-10-23 21:37:57,103 [INFO] PluginManager:213 - loadIPPluginJar : add nvic
2023-10-23 21:37:57,205 [INFO] IPUIPlugin:74 - create IPUIPlugin
2023-10-23 21:37:57,206 [INFO] PluginManager:213 - loadIPPluginJar : add opamp
2023-10-23 21:37:57,311 [INFO] IPUIPlugin:74 - create IPUIPlugin
2023-10-23 21:37:57,312 [INFO] PluginManager:213 - loadIPPluginJar : add openamp
2023-10-23 21:37:57,398 [INFO] IPUIPlugin:74 - create IPUIPlugin
2023-10-23 21:37:57,398 [INFO] PluginManager:213 - loadIPPluginJar : add pdm2pcm
2023-10-23 21:37:57,417 [INFO] IPUIPlugin:74 - create IPUIPlugin
2023-10-23 21:37:57,421 [INFO] PluginManager:213 - loadIPPluginJar : add plateformsettings
2023-10-23 21:37:57,470 [INFO] IPUIPlugin:74 - create IPUIPlugin
2023-10-23 21:37:57,470 [INFO] PluginManager:213 - loadIPPluginJar : add quadspi
2023-10-23 21:37:57,488 [INFO] IPUIPlugin:74 - create IPUIPlugin
2023-10-23 21:37:57,488 [INFO] PluginManager:213 - loadIPPluginJar : add resmgrutility
2023-10-23 21:37:57,652 [INFO] IPUIPlugin:74 - create IPUIPlugin
2023-10-23 21:37:57,652 [INFO] PluginManager:213 - loadIPPluginJar : add sai
2023-10-23 21:37:57,734 [INFO] IPUIPlugin:74 - create IPUIPlugin
2023-10-23 21:37:57,734 [INFO] PluginManager:213 - loadIPPluginJar : add spi
2023-10-23 21:37:57,895 [INFO] IPUIPlugin:74 - create IPUIPlugin
2023-10-23 21:37:57,895 [INFO] PluginManager:213 - loadIPPluginJar : add stm32_wpan
2023-10-23 21:37:57,952 [INFO] IPUIPlugin:74 - create IPUIPlugin
2023-10-23 21:37:57,952 [INFO] PluginManager:213 - loadIPPluginJar : add tim
2023-10-23 21:37:58,072 [INFO] IPUIPlugin:74 - create IPUIPlugin
2023-10-23 21:37:58,072 [INFO] PluginManager:213 - loadIPPluginJar : add touchsensing
2023-10-23 21:37:58,137 [INFO] IPUIPlugin:74 - create IPUIPlugin
2023-10-23 21:37:58,137 [INFO] PluginManager:213 - loadIPPluginJar : add tracer_emb
2023-10-23 21:37:58,192 [INFO] IPUIPlugin:74 - create IPUIPlugin
2023-10-23 21:37:58,192 [INFO] PluginManager:213 - loadIPPluginJar : add ts
2023-10-23 21:37:58,252 [INFO] IPUIPlugin:74 - create IPUIPlugin
2023-10-23 21:37:58,252 [INFO] PluginManager:213 - loadIPPluginJar : add tsc
2023-10-23 21:37:58,334 [INFO] IPUIPlugin:74 - create IPUIPlugin
2023-10-23 21:37:58,334 [INFO] PluginManager:213 - loadIPPluginJar : add ucpd
2023-10-23 21:37:58,502 [INFO] IPUIPlugin:74 - create IPUIPlugin
2023-10-23 21:37:58,502 [INFO] PluginManager:213 - loadIPPluginJar : add usart
2023-10-23 21:37:58,611 [INFO] IPUIPlugin:74 - create IPUIPlugin
2023-10-23 21:37:58,611 [INFO] PluginManager:213 - loadIPPluginJar : add usbx
2023-10-23 21:37:59,173 [FATAL] Updater:294 - Updater called before beeing initialized
2023-10-23 21:37:59,696 [FATAL] Updater:294 - Updater called before beeing initialized
2023-10-23 21:37:59,702 [INFO] DbMcusAds:47 - JSON generation date=Tue Mar 07 15:50:55 ICT 2023 (1678179055114)
2023-10-23 21:37:59,702 [FATAL] Updater:294 - Updater called before beeing initialized
2023-10-23 21:37:59,817 [INFO] ThirdPartyUpdaterWithRetryManager:66 - Updater plugin not ready yet. [3/15]
2023-10-23 21:38:00,067 [WARN] DetailPanel:314 - Failed to get advertising image, set to default
2023-10-23 21:38:00,336 [FATAL] Updater:294 - Updater called before beeing initialized
2023-10-23 21:38:00,339 [FATAL] Updater:294 - Updater called before beeing initialized
2023-10-23 21:38:00,339 [FATAL] Updater:294 - Updater called before beeing initialized
2023-10-23 21:38:00,339 [WARN] DetailPanel:314 - Failed to get advertising image, set to default
2023-10-23 21:38:00,341 [FATAL] Updater:294 - Updater called before beeing initialized
2023-10-23 21:38:00,453 [ERROR] Updater:1075 - MainUpdater not yet initialized. External WinMGr cannot be set.
2023-10-23 21:38:00,502 [INFO] Updater:1012 - Updater Version found : 6.3.0
2023-10-23 21:38:00,568 [INFO] ApplicationProperties:181 - Using Application install path: E:\vi xu ly - vi dk\ST\STM32CubeIDE_1.7.0\STM32CubeIDE\plugins\com.st.stm32cube.common.mx_6.3.0.202107141111
2023-10-23 21:38:01,431 [INFO] MainUpdater:2671 - connection check result : 10
2023-10-23 21:38:01,432 [INFO] MainUpdater:3359 - Updater definition file requires update
2023-10-23 21:38:01,433 [INFO] MainUpdater:265 - Updater Check For Update Now.
2023-10-23 21:38:01,433 [INFO] MicroXplorer:478 - Change Database Version : DB.6.0.30
2023-10-23 21:38:01,570 [INFO] ServerAccessManage:362 - Download File updaters.zip
2023-10-23 21:38:01,704 [INFO] FileExtend:235 - Unzip File : updaters.zip
2023-10-23 21:38:01,704 [INFO] FileExtend:250 - Standard Zip Deflate
2023-10-23 21:38:02,818 [WARN] MainUpdater:1122 - Updater busy. Cannot search thirdparties
2023-10-23 21:38:02,819 [INFO] ThirdPartyUpdaterWithRetryManager:92 - Updater plugin is busy. [1/15]
2023-10-23 21:38:05,832 [WARN] MainUpdater:1122 - Updater busy. Cannot search thirdparties
2023-10-23 21:38:05,832 [INFO] ThirdPartyUpdaterWithRetryManager:92 - Updater plugin is busy. [2/15]
2023-10-23 21:38:07,156 [INFO] ServerAccessManage:362 - Download File PacksControlFlags.xml
2023-10-23 21:38:07,388 [INFO] ServerAccessManage:362 - Download File cubemx.pidx
2023-10-23 21:38:07,602 [INFO] LoadServerUpdatesThread:339 - End of LoadServerUpdate Thread
2023-10-23 21:38:07,776 [INFO] CheckServerUpdateThread:112 - End of CheckServer Thread
2023-10-23 21:38:07,813 [INFO] MainUpdater:2671 - connection check result : 10
2023-10-23 21:38:10,303 [ERROR] Engine:463 - C:\Users\anhxa\.stm32cubemx\thirdparties\pdsc\STMicroelectronics.X-CUBE-SMBUS.2.1.0.pdsc: PDSC version is not supported
2023-10-23 21:38:10,562 [WARN] PackLoader:238 - Cannot read IP mode file for STMicroelectronics.X-CUBE-AZRTOS-F7.1.1.0
2023-10-23 21:38:10,631 [ERROR] Engine:463 - C:\Users\anhxa\.stm32cubemx\thirdparties\pdsc\STMicroelectronics.FP-SNS-MOTENV1.4.3.2.pdsc: PDSC version is not supported
2023-10-23 21:38:10,667 [ERROR] Engine:463 - C:\Users\anhxa\.stm32cubemx\thirdparties\pdsc\STMicroelectronics.FP-SNS-FLIGHT1.5.0.2.pdsc: PDSC version is not supported
2023-10-23 21:38:10,730 [ERROR] Engine:463 - C:\Users\anhxa\.stm32cubemx\thirdparties\pdsc\STMicroelectronics.X-CUBE-DISPLAY.3.0.0.pdsc: PDSC version is not supported
2023-10-23 21:38:10,769 [WARN] PackLoader:238 - Cannot read IP mode file for STMicroelectronics.X-CUBE-BLE1.7.0.0
2023-10-23 21:38:10,794 [ERROR] Engine:463 - C:\Users\anhxa\.stm32cubemx\thirdparties\pdsc\emotas.I-CUBE-CANOPEN.1.3.0.pdsc: PDSC version is not supported
2023-10-23 21:38:10,842 [WARN] PackLoader:238 - Cannot read IP mode file for STMicroelectronics.X-CUBE-TOUCHGFX.4.22.0
2023-10-23 21:38:10,896 [WARN] PackLoader:238 - Cannot read IP mode file for STMicroelectronics.X-CUBE-TOUCHGFX.4.22.1
2023-10-23 21:38:10,930 [ERROR] Engine:463 - C:\Users\anhxa\.stm32cubemx\thirdparties\pdsc\STMicroelectronics.FP-SNS-SMARTAG2.1.2.0.pdsc: PDSC version is not supported
2023-10-23 21:38:11,097 [INFO] LogOutputStream:76 - [STDOUT_REDIRECT] 1 : Invalid condition id : UX_CORESTACK_Condition cause : null
2023-10-23 21:38:11,102 [INFO] LogOutputStream:76 - [STDOUT_REDIRECT] 1 : Invalid condition id : UX_CORESTACK_Condition cause : null
2023-10-23 21:38:11,103 [INFO] LogOutputStream:76 - [STDOUT_REDIRECT] 1 : Invalid condition id : UX_CORESTACK_Condition cause : null
2023-10-23 21:38:11,104 [INFO] LogOutputStream:76 - [STDOUT_REDIRECT] 1 : Invalid condition id : UX_CORESTACK_Condition cause : null
2023-10-23 21:38:11,105 [INFO] LogOutputStream:76 - [STDOUT_REDIRECT] 1 : Invalid condition id : UX_CORESTACK_Condition cause : null
2023-10-23 21:38:11,109 [WARN] PackLoader:238 - Cannot read IP mode file for STMicroelectronics.X-CUBE-AZRTOS-WL.2.0.0
2023-10-23 21:38:11,151 [WARN] PackLoader:238 - Cannot read IP mode file for WES.I-CUBE-Cesium.1.3.0
2023-10-23 21:38:11,188 [WARN] PackLoader:238 - Cannot read IP mode file for STMicroelectronics.X-CUBE-BLE2.3.3.0
2023-10-23 21:38:11,228 [WARN] PackLoader:238 - Cannot read IP mode file for STMicroelectronics.X-CUBE-ALGOBUILD.1.3.0
2023-10-23 21:38:11,410 [WARN] PackLoader:238 - Cannot read IP mode file for STMicroelectronics.X-CUBE-AZRTOS-G0.1.1.0
2023-10-23 21:38:11,446 [WARN] PackLoader:238 - Cannot read IP mode file for STMicroelectronics.X-CUBE-NFC4.3.0.0
2023-10-23 21:38:11,511 [WARN] PackLoader:238 - Cannot read IP mode file for STMicroelectronics.FP-ATR-SIGFOX1.3.2.0
2023-10-23 21:38:11,581 [WARN] PackLoader:238 - Cannot read IP mode file for SEGGER.I-CUBE-embOS.1.3.1
2023-10-23 21:38:11,667 [WARN] PackLoader:238 - Cannot read IP mode file for STMicroelectronics.X-CUBE-GNSS1.6.0.0
2023-10-23 21:38:11,996 [WARN] PackLoader:238 - Cannot read IP mode file for STMicroelectronics.X-CUBE-AZRTOS-F4.1.1.0
2023-10-23 21:38:12,040 [WARN] PackLoader:238 - Cannot read IP mode file for wolfSSL.I-CUBE-wolfSSL.5.6.3
2023-10-23 21:38:12,115 [WARN] PackLoader:238 - Cannot read IP mode file for STMicroelectronics.X-CUBE-AZRTOS-L5.2.0.0
2023-10-23 21:38:12,203 [WARN] PackLoader:238 - Cannot read IP mode file for STMicroelectronics.X-CUBE-MEMS1.9.6.0
2023-10-23 21:38:12,486 [ERROR] Engine:463 - C:\Users\anhxa\.stm32cubemx\thirdparties\pdsc\ITTIA_DB.I-CUBE-ITTIADB.8.8.0.pdsc: PDSC version is not supported
2023-10-23 21:38:12,528 [WARN] PackLoader:238 - Cannot read IP mode file for STMicroelectronics.X-CUBE-BLEMGR.2.0.0
2023-10-23 21:38:12,597 [WARN] ConditionMgr:437 - getConditionDescription Invalid condition id : UX DEVICE CLASS RTOS Condition cause : null
2023-10-23 21:38:12,597 [WARN] ConditionMgr:437 - getConditionDescription Invalid condition id : UX DEVICE CLASS RTOS Condition cause : null
2023-10-23 21:38:12,602 [WARN] PackLoader:238 - Cannot read IP mode file for STMicroelectronics.X-CUBE-AZRTOS-H7.3.1.0
2023-10-23 21:38:12,602 [WARN] ConditionMgr:1038 - genDependencies : Invalid condition id : UX DEVICE CLASS RTOS Condition cause : null
2023-10-23 21:38:12,602 [WARN] ConditionMgr:1038 - genDependencies : Invalid condition id : UX DEVICE CLASS RTOS Condition cause : null
2023-10-23 21:38:12,602 [WARN] ConditionMgr:1038 - genDependencies : Invalid condition id : UX DEVICE CLASS RTOS Condition cause : null
2023-10-23 21:38:12,602 [WARN] ConditionMgr:1038 - genDependencies : Invalid condition id : UX DEVICE CLASS RTOS Condition cause : null
2023-10-23 21:38:12,602 [WARN] ConditionMgr:1038 - genDependencies : Invalid condition id : UX DEVICE CLASS RTOS Condition cause : null
2023-10-23 21:38:12,651 [WARN] PackLoader:238 - Cannot read IP mode file for STMicroelectronics.X-CUBE-NFC7.1.0.1
2023-10-23 21:38:12,694 [WARN] PackLoader:238 - Cannot read IP mode file for STMicroelectronics.X-CUBE-NFC6.3.0.0
2023-10-23 21:38:12,739 [WARN] PackLoader:238 - Cannot read IP mode file for STMicroelectronics.X-CUBE-EEPRMA1.4.1.0
2023-10-23 21:38:12,802 [WARN] PackLoader:238 - Cannot read IP mode file for STMicroelectronics.X-CUBE-AI.8.1.0
2023-10-23 21:38:12,902 [WARN] ConditionMgr:437 - getConditionDescription Invalid condition id : LAN8742 Phy interface Condition cause : null
2023-10-23 21:38:12,914 [WARN] PackLoader:238 - Cannot read IP mode file for STMicroelectronics.X-CUBE-AZRTOS-L4.2.0.0
2023-10-23 21:38:12,916 [WARN] ConditionMgr:1038 - genDependencies : Invalid condition id : LAN8742 Phy interface Condition cause : null
2023-10-23 21:38:12,916 [WARN] ConditionMgr:1038 - genDependencies : Invalid condition id : LAN8742 Phy interface Condition cause : null
2023-10-23 21:38:12,917 [WARN] ConditionMgr:1038 - genDependencies : Invalid condition id : LAN8742 Phy interface Condition cause : null
2023-10-23 21:38:12,989 [WARN] PackLoader:238 - Cannot read IP mode file for STMicroelectronics.X-CUBE-SFXS2LP1.4.0.0
2023-10-23 21:38:13,031 [WARN] PackLoader:238 - Cannot read IP mode file for STMicroelectronics.X-CUBE-ISPU.1.1.0
2023-10-23 21:38:13,096 [WARN] ConditionMgr:437 - getConditionDescription Invalid condition id : UX DEVICE CLASS RTOS Condition cause : null
2023-10-23 21:38:13,096 [WARN] ConditionMgr:437 - getConditionDescription Invalid condition id : UX DEVICE CLASS RTOS Condition cause : null
2023-10-23 21:38:13,096 [WARN] PackLoader:238 - Cannot read IP mode file for STMicroelectronics.X-CUBE-AZRTOS-WB.2.0.0
2023-10-23 21:38:13,096 [WARN] ConditionMgr:1038 - genDependencies : Invalid condition id : UX DEVICE CLASS RTOS Condition cause : null
2023-10-23 21:38:13,096 [WARN] ConditionMgr:1038 - genDependencies : Invalid condition id : UX DEVICE CLASS RTOS Condition cause : null
2023-10-23 21:38:13,102 [WARN] ConditionMgr:1038 - genDependencies : Invalid condition id : UX DEVICE CLASS RTOS Condition cause : null
2023-10-23 21:38:13,102 [WARN] ConditionMgr:1038 - genDependencies : Invalid condition id : UX DEVICE CLASS RTOS Condition cause : null
2023-10-23 21:38:13,102 [WARN] ConditionMgr:1038 - genDependencies : Invalid condition id : UX DEVICE CLASS RTOS Condition cause : null
2023-10-23 21:38:13,147 [WARN] PackLoader:238 - Cannot read IP mode file for STMicroelectronics.X-CUBE-SUBG2.5.0.0
2023-10-23 21:38:13,197 [ERROR] Engine:463 - C:\Users\anhxa\.stm32cubemx\thirdparties\pdsc\STMicroelectronics.X-CUBE-TOF1.3.3.1.pdsc: PDSC version is not supported
2023-10-23 21:38:13,259 [WARN] PackLoader:238 - Cannot read IP mode file for STMicroelectronics.X-CUBE-AZRTOS-G4.2.0.0
2023-10-23 21:38:13,306 [ERROR] Engine:463 - C:\Users\anhxa\.stm32cubemx\thirdparties\pdsc\Infineon.AIROC-Wi-Fi-Bluetooth-STM32.1.5.1.pdsc: PDSC version is not supported
2023-10-23 21:38:13,402 [WARN] PackLoader:238 - Cannot read IP mode file for STMicroelectronics.X-CUBE-MEMS1.10.0.0
2023-10-23 21:38:13,695 [ERROR] Engine:463 - C:\Users\anhxa\.stm32cubemx\thirdparties\pdsc\STMicroelectronics.X-CUBE-FREERTOS.1.1.0.pdsc: PDSC version is not supported
2023-10-23 21:38:13,749 [WARN] PackLoader:238 - Cannot read IP mode file for portGmbH.I-Cube-SoM-uGOAL.1.1.0
2023-10-23 21:38:13,794 [WARN] PackLoader:238 - Cannot read IP mode file for STMicroelectronics.X-CUBE-ALS.1.0.1
2023-10-23 21:38:13,873 [WARN] PackLoader:238 - Cannot read IP mode file for STMicroelectronics.FP-ATR-ASTRA1.2.0.0
2023-10-23 21:38:13,874 [INFO] ThirdParty:915 - Integrity check success = true
2023-10-23 21:38:13,874 [INFO] IntegrityCheckThread:94 - exiting critical section [integrity check]
2023-10-23 21:38:13,875 [INFO] IntegrityCheckThread:97 - End integrity checks thread
2023-10-23 21:38:15,602 [INFO] McuFinderGlobals:52 - Set McuFinderConnectedMode to false
2023-10-23 21:38:15,896 [INFO] CrossSelectorPresenter:1330 - Cross Selector saved comparison directory: C:\Users\anhxa\.stmcufinder\plugins\mcufinder\mcu\cs_comparisons_mx
2023-10-23 21:38:15,902 [INFO] MultiScanPanel:197 - Auto-refresh data requested => check proxy status ongoing
2023-10-23 21:38:15,902 [INFO] MultiScanPanel:201 - Proxy status is invalid
2023-10-23 21:38:15,913 [INFO] FinderPluginLoader:87 - Searching for filters in installed packs
2023-10-23 21:38:15,925 [INFO] DbMcusXml:100 - Load MCU database from E:\vi xu ly - vi dk\ST\STM32CubeIDE_1.7.0\STM32CubeIDE\plugins\com.st.stm32cube.common.mx_6.3.0.202107141111\\db\/mcu/families.xml
2023-10-23 21:38:18,544 [INFO] DbMcusJson:93 - JSON generation date=Tue Nov 16 23:17:54 ICT 2021 (1637079474)
2023-10-23 21:38:19,447 [INFO] DbMcus:175 - Found 1951 MCUs (1903 are supported by CubeMX, 1914 are visible in CubeMX)
2023-10-23 21:38:19,478 [INFO] ApiDb:251 - Load user favorites file C:\Users\anhxa/.stm32cubeide/favorites.mcus.txt: 0 item(s)
2023-10-23 21:38:19,478 [INFO] ApiDb:255 - User favorites MCUs=[]
2023-10-23 21:38:19,478 [INFO] DbMcus:187 - Set 0 / 0 favorites MCUs
2023-10-23 21:38:20,266 [INFO] DetailPanel:309 - Set advertising image to C:/Users/anhxa/STM32Cube/Repository/\en.prom-stm32h5-mcu-finder.jpg
2023-10-23 21:38:20,944 [INFO] DbBoardsPdsc:90 - Found 25 items
2023-10-23 21:38:20,956 [INFO] DbBoardsPdsc:90 - Found 9 items
2023-10-23 21:38:20,980 [INFO] DbBoardsPdsc:90 - Found 33 items
2023-10-23 21:38:20,992 [INFO] DbBoardsPdsc:90 - Found 1 items
2023-10-23 21:38:21,029 [INFO] DbBoardsPdsc:90 - Found 48 items
2023-10-23 21:38:21,049 [INFO] DbBoardsPdsc:90 - Found 43 items
2023-10-23 21:38:21,061 [INFO] DbBoardsPdsc:90 - Found 2 items
2023-10-23 21:38:21,072 [INFO] DbBoardsPdsc:90 - Found 5 items
2023-10-23 21:38:21,076 [WARN] DbBoardsPdsc:254 - Board STM32H7B3I-DK: unknown feature type=Audio, name=, username=Audio stereo codec with Headphone Amp (CS42L51-CNZ), n=1
2023-10-23 21:38:21,077 [WARN] DbBoardsPdsc:254 - Board STM32H735G-DK: unknown feature type=Audio, name=, username=Audio stereo codec with Headphone Amp (WM8994ECS/R), n=1
2023-10-23 21:38:21,078 [WARN] DbBoardsPdsc:254 - Board STM32H7B3I-EVAL: unknown feature type=Audio, name=, username=Multi-Channel Audio Codec (CS42L51-CNZ), n=1
2023-10-23 21:38:21,079 [WARN] DbBoardsPdsc:254 - Board STM32H7B3I-EVAL: unknown feature type=Meter, name=, username=Power-metering and Temperature-monitoring with sigma-delta modulators, n=1
2023-10-23 21:38:21,079 [WARN] DbBoardsPdsc:254 - Board STM32H7B3I-EVAL: unknown feature type=Motor, name=, username=Motor Control, n=1
2023-10-23 21:38:21,079 [WARN] DbBoardsPdsc:254 - Board STM32U575I-EV: unknown feature type=joystick, name=, username=4-direction joystick with selection button, n=1
2023-10-23 21:38:21,319 [INFO] DbBoardsJson:86 - JSON generation date=Tue Nov 16 23:17:54 ICT 2021 (1637079474)
2023-10-23 21:38:21,325 [INFO] DbBoards:117 - Found 167 boards (163 are supported by CubeMX)
2023-10-23 21:38:21,388 [INFO] DbBoardsDocs:143 - JSON generation date=Tue Nov 16 23:17:54 ICT 2021 (1637079474)
2023-10-23 21:38:21,391 [INFO] DbBoardsDocs:79 - Found 209 boards documents
2023-10-23 21:38:21,392 [WARN] DbBoards:127 - board B-L475E-IOT01A2 has no document id list !
2023-10-23 21:38:21,393 [WARN] DbBoards:127 - board NUCLEO-H743ZI has no document id list !
2023-10-23 21:38:21,394 [WARN] DbBoards:127 - board NUCLEO-WL55JC2 has no document id list !
2023-10-23 21:38:21,394 [WARN] DbBoards:127 - board P-NUCLEO-WB55-Nucleo has no document id list !
2023-10-23 21:38:21,394 [WARN] DbBoards:127 - board P-NUCLEO-WB55-USBDongle has no document id list !
2023-10-23 21:38:21,395 [WARN] DbBoards:127 - board STEVAL-BFA001V1B has no document id list !
2023-10-23 21:38:21,395 [WARN] DbBoards:127 - board STEVAL-BFA001V2B has no document id list !
2023-10-23 21:38:21,395 [WARN] DbBoards:127 - board STEVAL-IDP005V1 has no document id list !
2023-10-23 21:38:21,395 [WARN] DbBoards:127 - board STEVAL-IDP005V2 has no document id list !
2023-10-23 21:38:21,395 [WARN] DbBoards:127 - board STEVAL-MKSBOX1V1 has no document id list !
2023-10-23 21:38:21,395 [WARN] DbBoards:127 - board STEVAL-STWINKT1 has no document id list !
2023-10-23 21:38:21,395 [WARN] DbBoards:127 - board STEVAL-STWINKT1B has no document id list !
2023-10-23 21:38:21,395 [WARN] DbBoards:127 - board STM32439I-EVAL2 has no document id list !
2023-10-23 21:38:21,396 [WARN] DbBoards:127 - board STM32F401C-DISCO has no document id list !
2023-10-23 21:38:21,397 [WARN] DbBoards:127 - board STM32F769I-DISC1 has no document id list !
2023-10-23 21:38:21,397 [WARN] DbBoards:127 - board STM32G474E-EVAL1 has no document id list !
2023-10-23 21:38:21,397 [WARN] DbBoards:127 - board STM32H743I-EVAL2 has no document id list !
2023-10-23 21:38:21,397 [WARN] DbBoards:127 - board STM32H747I-DISC1 has no document id list !
2023-10-23 21:38:21,397 [WARN] DbBoards:127 - board STM32H753I-EVAL2 has no document id list !
2023-10-23 21:38:21,397 [WARN] DbBoards:127 - board STM32L-DISCOVERY has no document id list !
2023-10-23 21:38:21,659 [ERROR] DbBoards:189 - Image file not found for board B-U585I-IOT02A: E:\vi xu ly - vi dk\ST\STM32CubeIDE_1.7.0\STM32CubeIDE\plugins\com.st.stm32cube.common.mx_6.3.0.202107141111\\db\/plugins/mcufinder/images/boards/B-U585I-IOT02A_small.jpg
2023-10-23 21:38:21,857 [ERROR] DbBoards:189 - Image file not found for board NUCLEO-F413ZH: E:\vi xu ly - vi dk\ST\STM32CubeIDE_1.7.0\STM32CubeIDE\plugins\com.st.stm32cube.common.mx_6.3.0.202107141111\\db\/plugins/mcufinder/images/boards/nucleo-f413zh_small.jpg
2023-10-23 21:38:22,048 [ERROR] DbBoards:189 - Image file not found for board NUCLEO-L552ZE-Q: E:\vi xu ly - vi dk\ST\STM32CubeIDE_1.7.0\STM32CubeIDE\plugins\com.st.stm32cube.common.mx_6.3.0.202107141111\\db\/plugins/mcufinder/images/boards/nucleo_l552ze_q_small.jpg
2023-10-23 21:38:22,048 [ERROR] DbBoards:189 - Image file not found for board NUCLEO-U575ZI-Q: E:\vi xu ly - vi dk\ST\STM32CubeIDE_1.7.0\STM32CubeIDE\plugins\com.st.stm32cube.common.mx_6.3.0.202107141111\\db\/plugins/mcufinder/images/boards/nucleo-u575zi-q_small.jpg
2023-10-23 21:38:22,048 [ERROR] DbBoards:189 - Image file not found for board NUCLEO-WB15CC: E:\vi xu ly - vi dk\ST\STM32CubeIDE_1.7.0\STM32CubeIDE\plugins\com.st.stm32cube.common.mx_6.3.0.202107141111\\db\/plugins/mcufinder/images/boards/nucleo-wb15cc_small.jpg
2023-10-23 21:38:22,048 [ERROR] DbBoards:189 - Image file not found for board NUCLEO-WB55RG: E:\vi xu ly - vi dk\ST\STM32CubeIDE_1.7.0\STM32CubeIDE\plugins\com.st.stm32cube.common.mx_6.3.0.202107141111\\db\/plugins/mcufinder/images/boards/nucleo-wb55rg_small.jpg
2023-10-23 21:38:24,082 [INFO] ApiDb:251 - Load user favorites file C:\Users\anhxa/.stm32cubeide/favorites.boards.txt: 0 item(s)
2023-10-23 21:38:24,087 [INFO] ApiDb:255 - User favorites Boards=[]
2023-10-23 21:38:24,087 [INFO] DbBoards:206 - Set 0 / 0 favorites Boards
2023-10-23 21:39:01,553 [INFO] DbMcusDocs:143 - JSON generation date=Tue Nov 16 23:17:54 ICT 2021 (1637079474)
2023-10-23 21:39:01,959 [INFO] DbMcusDocs:79 - Found 682 MCUs documents
2023-10-23 21:39:08,782 [INFO] McuFinderGlobals:52 - Set McuFinderConnectedMode to true
2023-10-23 21:39:09,533 [INFO] ApiDb:276 - Save user favorites file C:\Users\anhxa/.stm32cubeide/favorites.mcus.txt: 0 item(s)
2023-10-23 21:39:09,533 [INFO] ApiDb:280 - User favorites MCUs=[]
